<?xml version="1.0" encoding="UTF-8"?>
<testsuite xmlns:xsi="http://www.w3.org/2001/XMLSchema-instance" xsi:schemaLocation="https://maven.apache.org/surefire/maven-surefire-plugin/xsd/surefire-test-report.xsd" name="antlr4.CalculatorTranslatorTest" time="0.01" tests="2" errors="0" skipped="1" failures="0">
  <properties>
[...]
</properties>
  <testcase name="testExploratoryString" classname="antlr4.CalculatorTranslatorTest" time="0.003"/>
  <testcase name="testFailedTestCase" classname="antlr4.CalculatorTranslatorTest" time="0">
    <skipped message="public void antlr4.CalculatorTranslatorTest.testFailedTestCase() throws java.lang.Exception is @Disabled"/>
  </testcase>
</testsuite>